<?xml version="1.0" encoding="UTF-8"?>
<!-- Generated by org.testng.reporters.JUnitReportReporter -->
<testsuite hostname="DESKTOP-TO48BTQ" failures="0" tests="1" name="HelloWorld_Viswa.TestHelloWorld" time="0.004" errors="0" timestamp="2020-10-06T20:33:25 EDT" skipped="0">
  <testcase classname="HelloWorld_Viswa.TestHelloWorld" name="TestHelloWorld" time="0.004"/>
  <system-out/>
</testsuite> <!-- HelloWorld_Viswa.TestHelloWorld -->
